# JRE version: OpenJDK Runtime Environment (8.0_242-b08) (build 1.8.0_242-b08)
# Java VM: OpenJDK 64-Bit Server VM (25.242-b08 mixed mode bsd-amd64 compressed oops)
Heap:
 PSYoungGen      total 915968K, used 309918K [0x00000006eab00000, 0x0000000726b80000, 0x00000007c0000000)
  eden space 858624K, 36% used [0x00000006eab00000,0x00000006fd9a7978,0x000000071f180000)
  from space 57344K, 0% used [0x0000000723080000,0x0000000723080000,0x0000000726880000)
  to   space 62464K, 0% used [0x000000071f180000,0x000000071f180000,0x0000000722e80000)
 ParOldGen       total 314880K, used 132464K [0x0000000540000000, 0x0000000553380000, 0x00000006eab00000)
  object space 314880K, 42% used [0x0000000540000000,0x000000054815c0c8,0x0000000553380000)
 Metaspace       used 37903K, capacity 38340K, committed 38824K, reserved 1083392K
  class space    used 5067K, capacity 5219K, committed 5296K, reserved 1048576K
GC Heap History (10 events):
Event: 8.375 GC heap before
{Heap before GC invocations=8 (full 1):
 PSYoungGen      total 437248K, used 437129K [0x00000006eab00000, 0x000000070f900000, 0x00000007c0000000)
  eden space 416768K, 100% used [0x00000006eab00000,0x0000000704200000,0x0000000704200000)
  from space 20480K, 99% used [0x000000070e500000,0x000000070f8e2428,0x000000070f900000)
  to   space 57344K, 0% used [0x0000000708900000,0x0000000708900000,0x000000070c100000)
 ParOldGen       total 206336K, used 66622K [0x0000000540000000, 0x000000054c980000, 0x00000006eab00000)
  object space 206336K, 32% used [0x0000000540000000,0x000000054410fae8,0x000000054c980000)
 Metaspace       used 24021K, capacity 24362K, committed 24624K, reserved 1071104K
  class space    used 2925K, capacity 3022K, committed 3120K, reserved 1048576K
Event: 8.405 GC heap after
Heap after GC invocations=8 (full 1):
 PSYoungGen      total 546816K, used 26612K [0x00000006eab00000, 0x0000000719400000, 0x00000007c0000000)
  eden space 489472K, 0% used [0x00000006eab00000,0x00000006eab00000,0x0000000708900000)
  from space 57344K, 46% used [0x0000000708900000,0x000000070a2fd1d8,0x000000070c100000)
  to   space 54272K, 0% used [0x0000000715f00000,0x0000000715f00000,0x0000000719400000)
 ParOldGen       total 206336K, used 66630K [0x0000000540000000, 0x000000054c980000, 0x00000006eab00000)
  object space 206336K, 32% used [0x0000000540000000,0x0000000544111ae8,0x000000054c980000)
 Metaspace       used 24021K, capacity 24362K, committed 24624K, reserved 1071104K
  class space    used 2925K, capacity 3022K, committed 3120K, reserved 1048576K
}
Event: 9.462 GC heap before
{Heap before GC invocations=9 (full 1):
 PSYoungGen      total 546816K, used 516084K [0x00000006eab00000, 0x0000000719400000, 0x00000007c0000000)
  eden space 489472K, 100% used [0x00000006eab00000,0x0000000708900000,0x0000000708900000)
  from space 57344K, 46% used [0x0000000708900000,0x000000070a2fd1d8,0x000000070c100000)
  to   space 54272K, 0% used [0x0000000715f00000,0x0000000715f00000,0x0000000719400000)
 ParOldGen       total 206336K, used 66630K [0x0000000540000000, 0x000000054c980000, 0x00000006eab00000)
  object space 206336K, 32% used [0x0000000540000000,0x0000000544111ae8,0x000000054c980000)
 Metaspace       used 24965K, capacity 25258K, committed 25520K, reserved 1071104K
  class space    used 3019K, capacity 3150K, committed 3248K, reserved 1048576K
Event: 9.487 GC heap after
Heap after GC invocations=9 (full 1):
 PSYoungGen      total 710656K, used 31571K [0x00000006eab00000, 0x000000071f980000, 0x00000007c0000000)
  eden space 656384K, 0% used [0x00000006eab00000,0x00000006eab00000,0x0000000712c00000)
  from space 54272K, 58% used [0x0000000715f00000,0x0000000717dd4ee8,0x0000000719400000)
  to   space 52224K, 0% used [0x0000000712c00000,0x0000000712c00000,0x0000000715f00000)
 ParOldGen       total 206336K, used 66638K [0x0000000540000000, 0x000000054c980000, 0x00000006eab00000)
  object space 206336K, 32% used [0x0000000540000000,0x0000000544113ae8,0x000000054c980000)
 Metaspace       used 24965K, capacity 25258K, committed 25520K, reserved 1071104K
  class space    used 3019K, capacity 3150K, committed 3248K, reserved 1048576K
}
Event: 12.275 GC heap before
{Heap before GC invocations=10 (full 1):
 PSYoungGen      total 710656K, used 687955K [0x00000006eab00000, 0x000000071f980000, 0x00000007c0000000)
  eden space 656384K, 100% used [0x00000006eab00000,0x0000000712c00000,0x0000000712c00000)
  from space 54272K, 58% used [0x0000000715f00000,0x0000000717dd4ee8,0x0000000719400000)
  to   space 52224K, 0% used [0x0000000712c00000,0x0000000712c00000,0x0000000715f00000)
 ParOldGen       total 206336K, used 66638K [0x0000000540000000, 0x000000054c980000, 0x00000006eab00000)
  object space 206336K, 32% used [0x0000000540000000,0x0000000544113ae8,0x000000054c980000)
 Metaspace       used 29951K, capacity 30274K, committed 30768K, reserved 1077248K
  class space    used 3663K, capacity 3772K, committed 3888K, reserved 1048576K
Event: 12.321 GC heap after
Heap after GC invocations=10 (full 1):
 PSYoungGen      total 708608K, used 48514K [0x00000006eab00000, 0x0000000726880000, 0x00000007c0000000)
  eden space 656384K, 0% used [0x00000006eab00000,0x00000006eab00000,0x0000000712c00000)
  from space 52224K, 92% used [0x0000000712c00000,0x0000000715b60a40,0x0000000715f00000)
  to   space 57344K, 0% used [0x0000000723080000,0x0000000723080000,0x0000000726880000)
 ParOldGen       total 206336K, used 79951K [0x0000000540000000, 0x000000054c980000, 0x00000006eab00000)
  object space 206336K, 38% used [0x0000000540000000,0x0000000544e13e20,0x000000054c980000)
 Metaspace       used 29951K, capacity 30274K, committed 30768K, reserved 1077248K
  class space    used 3663K, capacity 3772K, committed 3888K, reserved 1048576K
}
Event: 14.471 GC heap before
{Heap before GC invocations=11 (full 1):
 PSYoungGen      total 708608K, used 660995K [0x00000006eab00000, 0x0000000726880000, 0x00000007c0000000)
  eden space 656384K, 93% used [0x00000006eab00000,0x0000000710120310,0x0000000712c00000)
  from space 52224K, 92% used [0x0000000712c00000,0x0000000715b60a40,0x0000000715f00000)
  to   space 57344K, 0% used [0x0000000723080000,0x0000000723080000,0x0000000726880000)
 ParOldGen       total 206336K, used 79951K [0x0000000540000000, 0x000000054c980000, 0x00000006eab00000)
  object space 206336K, 38% used [0x0000000540000000,0x0000000544e13e20,0x000000054c980000)
 Metaspace       used 34777K, capacity 35078K, committed 35496K, reserved 1079296K
  class space    used 4668K, capacity 4770K, committed 4784K, reserved 1048576K
Event: 14.510 GC heap after
Heap after GC invocations=11 (full 1):
 PSYoungGen      total 915968K, used 52527K [0x00000006eab00000, 0x0000000726b80000, 0x00000007c0000000)
  eden space 858624K, 0% used [0x00000006eab00000,0x00000006eab00000,0x000000071f180000)
  from space 57344K, 91% used [0x0000000723080000,0x00000007263cbf48,0x0000000726880000)
  to   space 62464K, 0% used [0x000000071f180000,0x000000071f180000,0x0000000722e80000)
 ParOldGen       total 206336K, used 93322K [0x0000000540000000, 0x000000054c980000, 0x00000006eab00000)
  object space 206336K, 45% used [0x0000000540000000,0x0000000545b22bb0,0x000000054c980000)
 Metaspace       used 34777K, capacity 35078K, committed 35496K, reserved 1079296K
  class space    used 4668K, capacity 4770K, committed 4784K, reserved 1048576K
}
Event: 14.510 GC heap before
{Heap before GC invocations=12 (full 2):
 PSYoungGen      total 915968K, used 52527K [0x00000006eab00000, 0x0000000726b80000, 0x00000007c0000000)
  eden space 858624K, 0% used [0x00000006eab00000,0x00000006eab00000,0x000000071f180000)
  from space 57344K, 91% used [0x0000000723080000,0x00000007263cbf48,0x0000000726880000)
  to   space 62464K, 0% used [0x000000071f180000,0x000000071f180000,0x0000000722e80000)
 ParOldGen       total 206336K, used 93322K [0x0000000540000000, 0x000000054c980000, 0x00000006eab00000)
  object space 206336K, 45% used [0x0000000540000000,0x0000000545b22bb0,0x000000054c980000)
 Metaspace       used 34777K, capacity 35078K, committed 35496K, reserved 1079296K
  class space    used 4668K, capacity 4770K, committed 4784K, reserved 1048576K
Event: 14.819 GC heap after
Heap after GC invocations=12 (full 2):
 PSYoungGen      total 915968K, used 0K [0x00000006eab00000, 0x0000000726b80000, 0x00000007c0000000)
  eden space 858624K, 0% used [0x00000006eab00000,0x00000006eab00000,0x000000071f180000)
  from space 57344K, 0% used [0x0000000723080000,0x0000000723080000,0x0000000726880000)
  to   space 62464K, 0% used [0x000000071f180000,0x000000071f180000,0x0000000722e80000)
 ParOldGen       total 314880K, used 132464K [0x0000000540000000, 0x0000000553380000, 0x00000006eab00000)
  object space 314880K, 42% used [0x0000000540000000,0x000000054815c0c8,0x0000000553380000)
 Metaspace       used 34777K, capacity 35078K, committed 35496K, reserved 1079296K
  class space    used 4668K, capacity 4770K, committed 4784K, reserved 1048576K
}

