# JRE version: OpenJDK Runtime Environment (8.0_242-b08) (build 1.8.0_242-b08)
# Java VM: OpenJDK 64-Bit Server VM (25.242-b08 mixed mode bsd-amd64 compressed oops)
Heap:
 PSYoungGen      total 830976K, used 405038K [0x00000006eab00000, 0x0000000720f00000, 0x00000007c0000000)
  eden space 800768K, 50% used [0x00000006eab00000,0x000000070368bae0,0x000000071b900000)
  from space 30208K, 0% used [0x000000071f180000,0x000000071f180000,0x0000000720f00000)
  to   space 44032K, 0% used [0x000000071b900000,0x000000071b900000,0x000000071e400000)
 ParOldGen       total 271872K, used 119164K [0x0000000540000000, 0x0000000550980000, 0x00000006eab00000)
  object space 271872K, 43% used [0x0000000540000000,0x000000054745f328,0x0000000550980000)
 Metaspace       used 39330K, capacity 39786K, committed 40280K, reserved 1083392K
  class space    used 5240K, capacity 5406K, committed 5464K, reserved 1048576K
GC Heap History (10 events):
Event: 18.456 GC heap before
{Heap before GC invocations=10 (full 1):
 PSYoungGen      total 447488K, used 447394K [0x00000006eab00000, 0x000000070df00000, 0x00000007c0000000)
  eden space 430080K, 100% used [0x00000006eab00000,0x0000000704f00000,0x0000000704f00000)
  from space 17408K, 99% used [0x000000070ce00000,0x000000070dee88d8,0x000000070df00000)
  to   space 49152K, 0% used [0x0000000707f00000,0x0000000707f00000,0x000000070af00000)
 ParOldGen       total 175104K, used 62505K [0x0000000540000000, 0x000000054ab00000, 0x00000006eab00000)
  object space 175104K, 35% used [0x0000000540000000,0x0000000543d0a6b8,0x000000054ab00000)
 Metaspace       used 24433K, capacity 24786K, committed 25216K, reserved 1071104K
  class space    used 2961K, capacity 3082K, committed 3200K, reserved 1048576K
Event: 18.506 GC heap after
Heap after GC invocations=10 (full 1):
 PSYoungGen      total 528384K, used 22881K [0x00000006eab00000, 0x0000000715080000, 0x00000007c0000000)
  eden space 479232K, 0% used [0x00000006eab00000,0x00000006eab00000,0x0000000707f00000)
  from space 49152K, 46% used [0x0000000707f00000,0x0000000709558650,0x000000070af00000)
  to   space 47104K, 0% used [0x0000000712280000,0x0000000712280000,0x0000000715080000)
 ParOldGen       total 175104K, used 62513K [0x0000000540000000, 0x000000054ab00000, 0x00000006eab00000)
  object space 175104K, 35% used [0x0000000540000000,0x0000000543d0c6b8,0x000000054ab00000)
 Metaspace       used 24433K, capacity 24786K, committed 25216K, reserved 1071104K
  class space    used 2961K, capacity 3082K, committed 3200K, reserved 1048576K
}
Event: 20.935 GC heap before
{Heap before GC invocations=11 (full 1):
 PSYoungGen      total 528384K, used 502113K [0x00000006eab00000, 0x0000000715080000, 0x00000007c0000000)
  eden space 479232K, 100% used [0x00000006eab00000,0x0000000707f00000,0x0000000707f00000)
  from space 49152K, 46% used [0x0000000707f00000,0x0000000709558650,0x000000070af00000)
  to   space 47104K, 0% used [0x0000000712280000,0x0000000712280000,0x0000000715080000)
 ParOldGen       total 175104K, used 62513K [0x0000000540000000, 0x000000054ab00000, 0x00000006eab00000)
  object space 175104K, 35% used [0x0000000540000000,0x0000000543d0c6b8,0x000000054ab00000)
 Metaspace       used 26163K, capacity 26520K, committed 26880K, reserved 1073152K
  class space    used 3147K, capacity 3275K, committed 3328K, reserved 1048576K
Event: 20.984 GC heap after
Heap after GC invocations=11 (full 1):
 PSYoungGen      total 648192K, used 22378K [0x00000006eab00000, 0x0000000718a00000, 0x00000007c0000000)
  eden space 601088K, 0% used [0x00000006eab00000,0x00000006eab00000,0x000000070f600000)
  from space 47104K, 47% used [0x0000000712280000,0x000000071385aa30,0x0000000715080000)
  to   space 45568K, 0% used [0x000000070f600000,0x000000070f600000,0x0000000712280000)
 ParOldGen       total 175104K, used 74219K [0x0000000540000000, 0x000000054ab00000, 0x00000006eab00000)
  object space 175104K, 42% used [0x0000000540000000,0x000000054487ad00,0x000000054ab00000)
 Metaspace       used 26163K, capacity 26520K, committed 26880K, reserved 1073152K
  class space    used 3147K, capacity 3275K, committed 3328K, reserved 1048576K
}
Event: 25.504 GC heap before
{Heap before GC invocations=12 (full 1):
 PSYoungGen      total 648192K, used 623466K [0x00000006eab00000, 0x0000000718a00000, 0x00000007c0000000)
  eden space 601088K, 100% used [0x00000006eab00000,0x000000070f600000,0x000000070f600000)
  from space 47104K, 47% used [0x0000000712280000,0x000000071385aa30,0x0000000715080000)
  to   space 45568K, 0% used [0x000000070f600000,0x000000070f600000,0x0000000712280000)
 ParOldGen       total 175104K, used 74219K [0x0000000540000000, 0x000000054ab00000, 0x00000006eab00000)
  object space 175104K, 42% used [0x0000000540000000,0x000000054487ad00,0x000000054ab00000)
 Metaspace       used 31040K, capacity 31402K, committed 31872K, reserved 1077248K
  class space    used 3803K, capacity 3896K, committed 3968K, reserved 1048576K
Event: 25.554 GC heap after
Heap after GC invocations=12 (full 1):
 PSYoungGen      total 646656K, used 25027K [0x00000006eab00000, 0x0000000721c00000, 0x00000007c0000000)
  eden space 601088K, 0% used [0x00000006eab00000,0x00000006eab00000,0x000000070f600000)
  from space 45568K, 54% used [0x000000070f600000,0x0000000710e70fc0,0x0000000712280000)
  to   space 43520K, 0% used [0x000000071f180000,0x000000071f180000,0x0000000721c00000)
 ParOldGen       total 175104K, used 92939K [0x0000000540000000, 0x000000054ab00000, 0x00000006eab00000)
  object space 175104K, 53% used [0x0000000540000000,0x0000000545ac2e38,0x000000054ab00000)
 Metaspace       used 31040K, capacity 31402K, committed 31872K, reserved 1077248K
  class space    used 3803K, capacity 3896K, committed 3968K, reserved 1048576K
}
Event: 28.855 GC heap before
{Heap before GC invocations=13 (full 1):
 PSYoungGen      total 646656K, used 521728K [0x00000006eab00000, 0x0000000721c00000, 0x00000007c0000000)
  eden space 601088K, 82% used [0x00000006eab00000,0x000000070900f140,0x000000070f600000)
  from space 45568K, 54% used [0x000000070f600000,0x0000000710e70fc0,0x0000000712280000)
  to   space 43520K, 0% used [0x000000071f180000,0x000000071f180000,0x0000000721c00000)
 ParOldGen       total 175104K, used 92939K [0x0000000540000000, 0x000000054ab00000, 0x00000006eab00000)
  object space 175104K, 53% used [0x0000000540000000,0x0000000545ac2e38,0x000000054ab00000)
 Metaspace       used 34621K, capacity 34984K, committed 35416K, reserved 1079296K
  class space    used 4503K, capacity 4637K, committed 4696K, reserved 1048576K
Event: 28.887 GC heap after
Heap after GC invocations=13 (full 1):
 PSYoungGen      total 830976K, used 13165K [0x00000006eab00000, 0x0000000720f00000, 0x00000007c0000000)
  eden space 800768K, 0% used [0x00000006eab00000,0x00000006eab00000,0x000000071b900000)
  from space 30208K, 43% used [0x000000071f180000,0x000000071fe5b4f8,0x0000000720f00000)
  to   space 44032K, 0% used [0x000000071b900000,0x000000071b900000,0x000000071e400000)
 ParOldGen       total 175104K, used 115793K [0x0000000540000000, 0x000000054ab00000, 0x00000006eab00000)
  object space 175104K, 66% used [0x0000000540000000,0x0000000547114750,0x000000054ab00000)
 Metaspace       used 34621K, capacity 34984K, committed 35416K, reserved 1079296K
  class space    used 4503K, capacity 4637K, committed 4696K, reserved 1048576K
}
Event: 28.887 GC heap before
{Heap before GC invocations=14 (full 2):
 PSYoungGen      total 830976K, used 13165K [0x00000006eab00000, 0x0000000720f00000, 0x00000007c0000000)
  eden space 800768K, 0% used [0x00000006eab00000,0x00000006eab00000,0x000000071b900000)
  from space 30208K, 43% used [0x000000071f180000,0x000000071fe5b4f8,0x0000000720f00000)
  to   space 44032K, 0% used [0x000000071b900000,0x000000071b900000,0x000000071e400000)
 ParOldGen       total 175104K, used 115793K [0x0000000540000000, 0x000000054ab00000, 0x00000006eab00000)
  object space 175104K, 66% used [0x0000000540000000,0x0000000547114750,0x000000054ab00000)
 Metaspace       used 34621K, capacity 34984K, committed 35416K, reserved 1079296K
  class space    used 4503K, capacity 4637K, committed 4696K, reserved 1048576K
Event: 29.168 GC heap after
Heap after GC invocations=14 (full 2):
 PSYoungGen      total 830976K, used 0K [0x00000006eab00000, 0x0000000720f00000, 0x00000007c0000000)
  eden space 800768K, 0% used [0x00000006eab00000,0x00000006eab00000,0x000000071b900000)
  from space 30208K, 0% used [0x000000071f180000,0x000000071f180000,0x0000000720f00000)
  to   space 44032K, 0% used [0x000000071b900000,0x000000071b900000,0x000000071e400000)
 ParOldGen       total 271872K, used 119164K [0x0000000540000000, 0x0000000550980000, 0x00000006eab00000)
  object space 271872K, 43% used [0x0000000540000000,0x000000054745f328,0x0000000550980000)
 Metaspace       used 34621K, capacity 34984K, committed 35416K, reserved 1079296K
  class space    used 4503K, capacity 4637K, committed 4696K, reserved 1048576K
}

