# JRE version: OpenJDK Runtime Environment (8.0_242-b08) (build 1.8.0_242-b08)
# Java VM: OpenJDK 64-Bit Server VM (25.242-b08 mixed mode bsd-amd64 compressed oops)
Heap:
 PSYoungGen      total 838656K, used 389962K [0x00000006eab00000, 0x0000000720c00000, 0x00000007c0000000)
  eden space 796672K, 48% used [0x00000006eab00000,0x00000007027d2810,0x000000071b500000)
  from space 41984K, 0% used [0x000000071e300000,0x000000071e300000,0x0000000720c00000)
  to   space 44544K, 0% used [0x000000071b500000,0x000000071b500000,0x000000071e080000)
 ParOldGen       total 282624K, used 118851K [0x0000000540000000, 0x0000000551400000, 0x00000006eab00000)
  object space 282624K, 42% used [0x0000000540000000,0x0000000547410d48,0x0000000551400000)
 Metaspace       used 39024K, capacity 39494K, committed 39976K, reserved 1083392K
  class space    used 5208K, capacity 5374K, committed 5416K, reserved 1048576K
GC Heap History (10 events):
Event: 10.658 GC heap before
{Heap before GC invocations=10 (full 1):
 PSYoungGen      total 449536K, used 449037K [0x00000006eab00000, 0x000000070e780000, 0x00000007c0000000)
  eden space 432128K, 100% used [0x00000006eab00000,0x0000000705100000,0x0000000705100000)
  from space 17408K, 97% used [0x000000070d680000,0x000000070e7034a8,0x000000070e780000)
  to   space 49152K, 0% used [0x0000000708780000,0x0000000708780000,0x000000070b780000)
 ParOldGen       total 182272K, used 62422K [0x0000000540000000, 0x000000054b200000, 0x00000006eab00000)
  object space 182272K, 34% used [0x0000000540000000,0x0000000543cf5bd8,0x000000054b200000)
 Metaspace       used 24727K, capacity 25134K, committed 25520K, reserved 1071104K
  class space    used 3021K, capacity 3178K, committed 3248K, reserved 1048576K
Event: 10.687 GC heap after
Heap after GC invocations=10 (full 1):
 PSYoungGen      total 537088K, used 22854K [0x00000006eab00000, 0x0000000714c80000, 0x00000007c0000000)
  eden space 487936K, 0% used [0x00000006eab00000,0x00000006eab00000,0x0000000708780000)
  from space 49152K, 46% used [0x0000000708780000,0x0000000709dd19d8,0x000000070b780000)
  to   space 47104K, 0% used [0x0000000711e80000,0x0000000711e80000,0x0000000714c80000)
 ParOldGen       total 182272K, used 62422K [0x0000000540000000, 0x000000054b200000, 0x00000006eab00000)
  object space 182272K, 34% used [0x0000000540000000,0x0000000543cf5bd8,0x000000054b200000)
 Metaspace       used 24727K, capacity 25134K, committed 25520K, reserved 1071104K
  class space    used 3021K, capacity 3178K, committed 3248K, reserved 1048576K
}
Event: 12.633 GC heap before
{Heap before GC invocations=11 (full 1):
 PSYoungGen      total 537088K, used 510790K [0x00000006eab00000, 0x0000000714c80000, 0x00000007c0000000)
  eden space 487936K, 100% used [0x00000006eab00000,0x0000000708780000,0x0000000708780000)
  from space 49152K, 46% used [0x0000000708780000,0x0000000709dd19d8,0x000000070b780000)
  to   space 47104K, 0% used [0x0000000711e80000,0x0000000711e80000,0x0000000714c80000)
 ParOldGen       total 182272K, used 62422K [0x0000000540000000, 0x000000054b200000, 0x00000006eab00000)
  object space 182272K, 34% used [0x0000000540000000,0x0000000543cf5bd8,0x000000054b200000)
 Metaspace       used 26057K, capacity 26464K, committed 26928K, reserved 1073152K
  class space    used 3126K, capacity 3277K, committed 3376K, reserved 1048576K
Event: 12.663 GC heap after
Heap after GC invocations=11 (full 1):
 PSYoungGen      total 643584K, used 22196K [0x00000006eab00000, 0x0000000718b00000, 0x00000007c0000000)
  eden space 596480K, 0% used [0x00000006eab00000,0x00000006eab00000,0x000000070f180000)
  from space 47104K, 47% used [0x0000000711e80000,0x000000071342d210,0x0000000714c80000)
  to   space 46080K, 0% used [0x000000070f180000,0x000000070f180000,0x0000000711e80000)
 ParOldGen       total 182272K, used 73987K [0x0000000540000000, 0x000000054b200000, 0x00000006eab00000)
  object space 182272K, 40% used [0x0000000540000000,0x0000000544840e00,0x000000054b200000)
 Metaspace       used 26057K, capacity 26464K, committed 26928K, reserved 1073152K
  class space    used 3126K, capacity 3277K, committed 3376K, reserved 1048576K
}
Event: 15.985 GC heap before
{Heap before GC invocations=12 (full 1):
 PSYoungGen      total 643584K, used 618676K [0x00000006eab00000, 0x0000000718b00000, 0x00000007c0000000)
  eden space 596480K, 100% used [0x00000006eab00000,0x000000070f180000,0x000000070f180000)
  from space 47104K, 47% used [0x0000000711e80000,0x000000071342d210,0x0000000714c80000)
  to   space 46080K, 0% used [0x000000070f180000,0x000000070f180000,0x0000000711e80000)
 ParOldGen       total 182272K, used 73987K [0x0000000540000000, 0x000000054b200000, 0x00000006eab00000)
  object space 182272K, 40% used [0x0000000540000000,0x0000000544840e00,0x000000054b200000)
 Metaspace       used 31411K, capacity 31808K, committed 32304K, reserved 1077248K
  class space    used 3912K, capacity 4055K, committed 4144K, reserved 1048576K
Event: 16.047 GC heap after
Heap after GC invocations=12 (full 1):
 PSYoungGen      total 642560K, used 23884K [0x00000006eab00000, 0x0000000720e00000, 0x00000007c0000000)
  eden space 596480K, 0% used [0x00000006eab00000,0x00000006eab00000,0x000000070f180000)
  from space 46080K, 51% used [0x000000070f180000,0x00000007108d33c0,0x0000000711e80000)
  to   space 44032K, 0% used [0x000000071e300000,0x000000071e300000,0x0000000720e00000)
 ParOldGen       total 182272K, used 93327K [0x0000000540000000, 0x000000054b200000, 0x00000006eab00000)
  object space 182272K, 51% used [0x0000000540000000,0x0000000545b23f68,0x000000054b200000)
 Metaspace       used 31411K, capacity 31808K, committed 32304K, reserved 1077248K
  class space    used 3912K, capacity 4055K, committed 4144K, reserved 1048576K
}
Event: 17.579 GC heap before
{Heap before GC invocations=13 (full 1):
 PSYoungGen      total 642560K, used 498675K [0x00000006eab00000, 0x0000000720e00000, 0x00000007c0000000)
  eden space 596480K, 79% used [0x00000006eab00000,0x0000000707aa9998,0x000000070f180000)
  from space 46080K, 51% used [0x000000070f180000,0x00000007108d33c0,0x0000000711e80000)
  to   space 44032K, 0% used [0x000000071e300000,0x000000071e300000,0x0000000720e00000)
 ParOldGen       total 182272K, used 93327K [0x0000000540000000, 0x000000054b200000, 0x00000006eab00000)
  object space 182272K, 51% used [0x0000000540000000,0x0000000545b23f68,0x000000054b200000)
 Metaspace       used 34877K, capacity 35204K, committed 35496K, reserved 1079296K
  class space    used 4619K, capacity 4733K, committed 4776K, reserved 1048576K
Event: 17.616 GC heap after
Heap after GC invocations=13 (full 1):
 PSYoungGen      total 838656K, used 13760K [0x00000006eab00000, 0x0000000720c00000, 0x00000007c0000000)
  eden space 796672K, 0% used [0x00000006eab00000,0x00000006eab00000,0x000000071b500000)
  from space 41984K, 32% used [0x000000071e300000,0x000000071f070218,0x0000000720c00000)
  to   space 44544K, 0% used [0x000000071b500000,0x000000071b500000,0x000000071e080000)
 ParOldGen       total 182272K, used 114911K [0x0000000540000000, 0x000000054b200000, 0x00000006eab00000)
  object space 182272K, 63% used [0x0000000540000000,0x0000000547037d40,0x000000054b200000)
 Metaspace       used 34877K, capacity 35204K, committed 35496K, reserved 1079296K
  class space    used 4619K, capacity 4733K, committed 4776K, reserved 1048576K
}
Event: 17.616 GC heap before
{Heap before GC invocations=14 (full 2):
 PSYoungGen      total 838656K, used 13760K [0x00000006eab00000, 0x0000000720c00000, 0x00000007c0000000)
  eden space 796672K, 0% used [0x00000006eab00000,0x00000006eab00000,0x000000071b500000)
  from space 41984K, 32% used [0x000000071e300000,0x000000071f070218,0x0000000720c00000)
  to   space 44544K, 0% used [0x000000071b500000,0x000000071b500000,0x000000071e080000)
 ParOldGen       total 182272K, used 114911K [0x0000000540000000, 0x000000054b200000, 0x00000006eab00000)
  object space 182272K, 63% used [0x0000000540000000,0x0000000547037d40,0x000000054b200000)
 Metaspace       used 34877K, capacity 35204K, committed 35496K, reserved 1079296K
  class space    used 4619K, capacity 4733K, committed 4776K, reserved 1048576K
Event: 17.964 GC heap after
Heap after GC invocations=14 (full 2):
 PSYoungGen      total 838656K, used 0K [0x00000006eab00000, 0x0000000720c00000, 0x00000007c0000000)
  eden space 796672K, 0% used [0x00000006eab00000,0x00000006eab00000,0x000000071b500000)
  from space 41984K, 0% used [0x000000071e300000,0x000000071e300000,0x0000000720c00000)
  to   space 44544K, 0% used [0x000000071b500000,0x000000071b500000,0x000000071e080000)
 ParOldGen       total 282624K, used 118851K [0x0000000540000000, 0x0000000551400000, 0x00000006eab00000)
  object space 282624K, 42% used [0x0000000540000000,0x0000000547410d48,0x0000000551400000)
 Metaspace       used 34877K, capacity 35204K, committed 35496K, reserved 1079296K
  class space    used 4619K, capacity 4733K, committed 4776K, reserved 1048576K
}

