# JRE version: OpenJDK Runtime Environment (8.0_242-b08) (build 1.8.0_242-b08)
# Java VM: OpenJDK 64-Bit Server VM (25.242-b08 mixed mode bsd-amd64 compressed oops)
Heap:
 PSYoungGen      total 800256K, used 304643K [0x00000006eab00000, 0x000000072ee00000, 0x00000007c0000000)
  eden space 759296K, 40% used [0x00000006eab00000,0x00000006fd480f18,0x0000000719080000)
  from space 40960K, 0% used [0x0000000719080000,0x0000000719080000,0x000000071b880000)
  to   space 43520K, 0% used [0x000000072c380000,0x000000072c380000,0x000000072ee00000)
 ParOldGen       total 296960K, used 131592K [0x0000000540000000, 0x0000000552200000, 0x00000006eab00000)
  object space 296960K, 44% used [0x0000000540000000,0x00000005480822c8,0x0000000552200000)
 Metaspace       used 37894K, capacity 38276K, committed 38824K, reserved 1083392K
  class space    used 5068K, capacity 5219K, committed 5296K, reserved 1048576K
GC Heap History (10 events):
Event: 11.970 GC heap before
{Heap before GC invocations=11 (full 1):
 PSYoungGen      total 542208K, used 521787K [0x00000006eab00000, 0x0000000713800000, 0x00000007c0000000)
  eden space 495104K, 100% used [0x00000006eab00000,0x0000000708e80000,0x0000000708e80000)
  from space 47104K, 56% used [0x0000000708e80000,0x000000070a88ec30,0x000000070bc80000)
  to   space 44544K, 0% used [0x0000000710c80000,0x0000000710c80000,0x0000000713800000)
 ParOldGen       total 180224K, used 59170K [0x0000000540000000, 0x000000054b000000, 0x00000006eab00000)
  object space 180224K, 32% used [0x0000000540000000,0x00000005439c8888,0x000000054b000000)
 Metaspace       used 25295K, capacity 25596K, committed 26032K, reserved 1073152K
  class space    used 3034K, capacity 3153K, committed 3248K, reserved 1048576K
Event: 11.992 GC heap after
Heap after GC invocations=11 (full 1):
 PSYoungGen      total 625152K, used 22176K [0x00000006eab00000, 0x0000000718b00000, 0x00000007c0000000)
  eden space 580608K, 0% used [0x00000006eab00000,0x00000006eab00000,0x000000070e200000)
  from space 44544K, 49% used [0x0000000710c80000,0x00000007122281b0,0x0000000713800000)
  to   space 43520K, 0% used [0x000000070e200000,0x000000070e200000,0x0000000710c80000)
 ParOldGen       total 180224K, used 72611K [0x0000000540000000, 0x000000054b000000, 0x00000006eab00000)
  object space 180224K, 40% used [0x0000000540000000,0x00000005446e8f38,0x000000054b000000)
 Metaspace       used 25295K, capacity 25596K, committed 26032K, reserved 1073152K
  class space    used 3034K, capacity 3153K, committed 3248K, reserved 1048576K
}
Event: 14.692 GC heap before
{Heap before GC invocations=12 (full 1):
 PSYoungGen      total 625152K, used 602784K [0x00000006eab00000, 0x0000000718b00000, 0x00000007c0000000)
  eden space 580608K, 100% used [0x00000006eab00000,0x000000070e200000,0x000000070e200000)
  from space 44544K, 49% used [0x0000000710c80000,0x00000007122281b0,0x0000000713800000)
  to   space 43520K, 0% used [0x000000070e200000,0x000000070e200000,0x0000000710c80000)
 ParOldGen       total 180224K, used 72611K [0x0000000540000000, 0x000000054b000000, 0x00000006eab00000)
  object space 180224K, 40% used [0x0000000540000000,0x00000005446e8f38,0x000000054b000000)
 Metaspace       used 29907K, capacity 30242K, committed 30640K, reserved 1077248K
  class space    used 3656K, capacity 3740K, committed 3760K, reserved 1048576K
Event: 14.722 GC heap after
Heap after GC invocations=12 (full 1):
 PSYoungGen      total 624128K, used 24963K [0x00000006eab00000, 0x000000071eb80000, 0x00000007c0000000)
  eden space 580608K, 0% used [0x00000006eab00000,0x00000006eab00000,0x000000070e200000)
  from space 43520K, 57% used [0x000000070e200000,0x000000070fa60f98,0x0000000710c80000)
  to   space 41984K, 0% used [0x000000071c280000,0x000000071c280000,0x000000071eb80000)
 ParOldGen       total 180224K, used 91914K [0x0000000540000000, 0x000000054b000000, 0x00000006eab00000)
  object space 180224K, 51% used [0x0000000540000000,0x00000005459c2980,0x000000054b000000)
 Metaspace       used 29907K, capacity 30242K, committed 30640K, reserved 1077248K
  class space    used 3656K, capacity 3740K, committed 3760K, reserved 1048576K
}
Event: 16.841 GC heap before
{Heap before GC invocations=13 (full 1):
 PSYoungGen      total 624128K, used 605571K [0x00000006eab00000, 0x000000071eb80000, 0x00000007c0000000)
  eden space 580608K, 100% used [0x00000006eab00000,0x000000070e200000,0x000000070e200000)
  from space 43520K, 57% used [0x000000070e200000,0x000000070fa60f98,0x0000000710c80000)
  to   space 41984K, 0% used [0x000000071c280000,0x000000071c280000,0x000000071eb80000)
 ParOldGen       total 180224K, used 91914K [0x0000000540000000, 0x000000054b000000, 0x00000006eab00000)
  object space 180224K, 51% used [0x0000000540000000,0x00000005459c2980,0x000000054b000000)
 Metaspace       used 33683K, capacity 34048K, committed 34480K, reserved 1079296K
  class space    used 4403K, capacity 4513K, committed 4528K, reserved 1048576K
Event: 16.870 GC heap after
Heap after GC invocations=13 (full 1):
 PSYoungGen      total 790016K, used 23393K [0x00000006eab00000, 0x000000071e080000, 0x00000007c0000000)
  eden space 759296K, 0% used [0x00000006eab00000,0x00000006eab00000,0x0000000719080000)
  from space 30720K, 76% used [0x000000071c280000,0x000000071d958578,0x000000071e080000)
  to   space 40960K, 0% used [0x0000000719080000,0x0000000719080000,0x000000071b880000)
 ParOldGen       total 180224K, used 114314K [0x0000000540000000, 0x000000054b000000, 0x00000006eab00000)
  object space 180224K, 63% used [0x0000000540000000,0x0000000546fa2b08,0x000000054b000000)
 Metaspace       used 33683K, capacity 34048K, committed 34480K, reserved 1079296K
  class space    used 4403K, capacity 4513K, committed 4528K, reserved 1048576K
}
Event: 17.283 GC heap before
{Heap before GC invocations=14 (full 1):
 PSYoungGen      total 790016K, used 118269K [0x00000006eab00000, 0x000000071e080000, 0x00000007c0000000)
  eden space 759296K, 12% used [0x00000006eab00000,0x00000006f07a6f90,0x0000000719080000)
  from space 30720K, 76% used [0x000000071c280000,0x000000071d958578,0x000000071e080000)
  to   space 40960K, 0% used [0x0000000719080000,0x0000000719080000,0x000000071b880000)
 ParOldGen       total 180224K, used 114314K [0x0000000540000000, 0x000000054b000000, 0x00000006eab00000)
  object space 180224K, 63% used [0x0000000540000000,0x0000000546fa2b08,0x000000054b000000)
 Metaspace       used 34765K, capacity 35078K, committed 35496K, reserved 1079296K
  class space    used 4667K, capacity 4770K, committed 4784K, reserved 1048576K
Event: 17.307 GC heap after
Heap after GC invocations=14 (full 1):
 PSYoungGen      total 800256K, used 3616K [0x00000006eab00000, 0x000000072ee00000, 0x00000007c0000000)
  eden space 759296K, 0% used [0x00000006eab00000,0x00000006eab00000,0x0000000719080000)
  from space 40960K, 8% used [0x0000000719080000,0x0000000719408000,0x000000071b880000)
  to   space 43520K, 0% used [0x000000072c380000,0x000000072c380000,0x000000072ee00000)
 ParOldGen       total 180224K, used 136753K [0x0000000540000000, 0x000000054b000000, 0x00000006eab00000)
  object space 180224K, 75% used [0x0000000540000000,0x000000054858c778,0x000000054b000000)
 Metaspace       used 34765K, capacity 35078K, committed 35496K, reserved 1079296K
  class space    used 4667K, capacity 4770K, committed 4784K, reserved 1048576K
}
Event: 17.307 GC heap before
{Heap before GC invocations=15 (full 2):
 PSYoungGen      total 800256K, used 3616K [0x00000006eab00000, 0x000000072ee00000, 0x00000007c0000000)
  eden space 759296K, 0% used [0x00000006eab00000,0x00000006eab00000,0x0000000719080000)
  from space 40960K, 8% used [0x0000000719080000,0x0000000719408000,0x000000071b880000)
  to   space 43520K, 0% used [0x000000072c380000,0x000000072c380000,0x000000072ee00000)
 ParOldGen       total 180224K, used 136753K [0x0000000540000000, 0x000000054b000000, 0x00000006eab00000)
  object space 180224K, 75% used [0x0000000540000000,0x000000054858c778,0x000000054b000000)
 Metaspace       used 34765K, capacity 35078K, committed 35496K, reserved 1079296K
  class space    used 4667K, capacity 4770K, committed 4784K, reserved 1048576K
Event: 17.632 GC heap after
Heap after GC invocations=15 (full 2):
 PSYoungGen      total 800256K, used 0K [0x00000006eab00000, 0x000000072ee00000, 0x00000007c0000000)
  eden space 759296K, 0% used [0x00000006eab00000,0x00000006eab00000,0x0000000719080000)
  from space 40960K, 0% used [0x0000000719080000,0x0000000719080000,0x000000071b880000)
  to   space 43520K, 0% used [0x000000072c380000,0x000000072c380000,0x000000072ee00000)
 ParOldGen       total 296960K, used 131592K [0x0000000540000000, 0x0000000552200000, 0x00000006eab00000)
  object space 296960K, 44% used [0x0000000540000000,0x00000005480822c8,0x0000000552200000)
 Metaspace       used 34765K, capacity 35078K, committed 35496K, reserved 1079296K
  class space    used 4667K, capacity 4770K, committed 4784K, reserved 1048576K
}

