# JRE version: OpenJDK Runtime Environment (8.0_242-b08) (build 1.8.0_242-b08)
# Java VM: OpenJDK 64-Bit Server VM (25.242-b08 mixed mode bsd-amd64 compressed oops)
Heap:
 PSYoungGen      total 762368K, used 400643K [0x00000006eab00000, 0x000000071cc80000, 0x00000007c0000000)
  eden space 732672K, 54% used [0x00000006eab00000,0x0000000703240cf8,0x0000000717680000)
  from space 29696K, 0% used [0x000000071af80000,0x000000071af80000,0x000000071cc80000)
  to   space 44032K, 0% used [0x0000000717680000,0x0000000717680000,0x000000071a180000)
 ParOldGen       total 283136K, used 118935K [0x0000000540000000, 0x0000000551480000, 0x00000006eab00000)
  object space 283136K, 42% used [0x0000000540000000,0x0000000547425da0,0x0000000551480000)
 Metaspace       used 39326K, capacity 39782K, committed 40232K, reserved 1083392K
  class space    used 5240K, capacity 5406K, committed 5416K, reserved 1048576K
GC Heap History (10 events):
Event: 13.697 GC heap before
{Heap before GC invocations=10 (full 1):
 PSYoungGen      total 430592K, used 430469K [0x00000006eab00000, 0x000000070df00000, 0x00000007c0000000)
  eden space 413184K, 100% used [0x00000006eab00000,0x0000000703e80000,0x0000000703e80000)
  from space 17408K, 99% used [0x000000070ce00000,0x000000070dee17a0,0x000000070df00000)
  to   space 49664K, 0% used [0x0000000707e00000,0x0000000707e00000,0x000000070ae80000)
 ParOldGen       total 178176K, used 64580K [0x0000000540000000, 0x000000054ae00000, 0x00000006eab00000)
  object space 178176K, 36% used [0x0000000540000000,0x0000000543f11148,0x000000054ae00000)
 Metaspace       used 24420K, capacity 24782K, committed 25136K, reserved 1071104K
  class space    used 2961K, capacity 3082K, committed 3120K, reserved 1048576K
Event: 13.760 GC heap after
Heap after GC invocations=10 (full 1):
 PSYoungGen      total 527872K, used 22834K [0x00000006eab00000, 0x0000000712d00000, 0x00000007c0000000)
  eden space 478208K, 0% used [0x00000006eab00000,0x00000006eab00000,0x0000000707e00000)
  from space 49664K, 45% used [0x0000000707e00000,0x000000070944cb68,0x000000070ae80000)
  to   space 47616K, 0% used [0x000000070fe80000,0x000000070fe80000,0x0000000712d00000)
 ParOldGen       total 178176K, used 64588K [0x0000000540000000, 0x000000054ae00000, 0x00000006eab00000)
  object space 178176K, 36% used [0x0000000540000000,0x0000000543f13148,0x000000054ae00000)
 Metaspace       used 24420K, capacity 24782K, committed 25136K, reserved 1071104K
  class space    used 2961K, capacity 3082K, committed 3120K, reserved 1048576K
}
Event: 16.388 GC heap before
{Heap before GC invocations=11 (full 1):
 PSYoungGen      total 527872K, used 501042K [0x00000006eab00000, 0x0000000712d00000, 0x00000007c0000000)
  eden space 478208K, 100% used [0x00000006eab00000,0x0000000707e00000,0x0000000707e00000)
  from space 49664K, 45% used [0x0000000707e00000,0x000000070944cb68,0x000000070ae80000)
  to   space 47616K, 0% used [0x000000070fe80000,0x000000070fe80000,0x0000000712d00000)
 ParOldGen       total 178176K, used 64588K [0x0000000540000000, 0x000000054ae00000, 0x00000006eab00000)
  object space 178176K, 36% used [0x0000000540000000,0x0000000543f13148,0x000000054ae00000)
 Metaspace       used 25997K, capacity 26350K, committed 26544K, reserved 1073152K
  class space    used 3140K, capacity 3242K, committed 3248K, reserved 1048576K
Event: 16.465 GC heap after
Heap after GC invocations=11 (full 1):
 PSYoungGen      total 611328K, used 21072K [0x00000006eab00000, 0x0000000717d00000, 0x00000007c0000000)
  eden space 563712K, 0% used [0x00000006eab00000,0x00000006eab00000,0x000000070d180000)
  from space 47616K, 44% used [0x000000070fe80000,0x00000007113142b8,0x0000000712d00000)
  to   space 46080K, 0% used [0x000000070d180000,0x000000070d180000,0x000000070fe80000)
 ParOldGen       total 178176K, used 76242K [0x0000000540000000, 0x000000054ae00000, 0x00000006eab00000)
  object space 178176K, 42% used [0x0000000540000000,0x0000000544a74b98,0x000000054ae00000)
 Metaspace       used 25997K, capacity 26350K, committed 26544K, reserved 1073152K
  class space    used 3140K, capacity 3242K, committed 3248K, reserved 1048576K
}
Event: 20.516 GC heap before
{Heap before GC invocations=12 (full 1):
 PSYoungGen      total 611328K, used 584784K [0x00000006eab00000, 0x0000000717d00000, 0x00000007c0000000)
  eden space 563712K, 100% used [0x00000006eab00000,0x000000070d180000,0x000000070d180000)
  from space 47616K, 44% used [0x000000070fe80000,0x00000007113142b8,0x0000000712d00000)
  to   space 46080K, 0% used [0x000000070d180000,0x000000070d180000,0x000000070fe80000)
 ParOldGen       total 178176K, used 76242K [0x0000000540000000, 0x000000054ae00000, 0x00000006eab00000)
  object space 178176K, 42% used [0x0000000540000000,0x0000000544a74b98,0x000000054ae00000)
 Metaspace       used 30438K, capacity 30786K, committed 31280K, reserved 1077248K
  class space    used 3695K, capacity 3800K, committed 3888K, reserved 1048576K
Event: 20.557 GC heap after
Heap after GC invocations=12 (full 1):
 PSYoungGen      total 609792K, used 24992K [0x00000006eab00000, 0x000000071da80000, 0x00000007c0000000)
  eden space 563712K, 0% used [0x00000006eab00000,0x00000006eab00000,0x000000070d180000)
  from space 46080K, 54% used [0x000000070d180000,0x000000070e9e82e0,0x000000070fe80000)
  to   space 44032K, 0% used [0x000000071af80000,0x000000071af80000,0x000000071da80000)
 ParOldGen       total 178176K, used 93977K [0x0000000540000000, 0x000000054ae00000, 0x00000006eab00000)
  object space 178176K, 52% used [0x0000000540000000,0x0000000545bc64b0,0x000000054ae00000)
 Metaspace       used 30438K, capacity 30786K, committed 31280K, reserved 1077248K
  class space    used 3695K, capacity 3800K, committed 3888K, reserved 1048576K
}
Event: 24.175 GC heap before
{Heap before GC invocations=13 (full 1):
 PSYoungGen      total 609792K, used 588704K [0x00000006eab00000, 0x000000071da80000, 0x00000007c0000000)
  eden space 563712K, 100% used [0x00000006eab00000,0x000000070d180000,0x000000070d180000)
  from space 46080K, 54% used [0x000000070d180000,0x000000070e9e82e0,0x000000070fe80000)
  to   space 44032K, 0% used [0x000000071af80000,0x000000071af80000,0x000000071da80000)
 ParOldGen       total 178176K, used 93977K [0x0000000540000000, 0x000000054ae00000, 0x00000006eab00000)
  object space 178176K, 52% used [0x0000000540000000,0x0000000545bc64b0,0x000000054ae00000)
 Metaspace       used 34715K, capacity 35072K, committed 35496K, reserved 1079296K
  class space    used 4533K, capacity 4669K, committed 4776K, reserved 1048576K
Event: 24.211 GC heap after
Heap after GC invocations=13 (full 1):
 PSYoungGen      total 762368K, used 14692K [0x00000006eab00000, 0x000000071cc80000, 0x00000007c0000000)
  eden space 732672K, 0% used [0x00000006eab00000,0x00000006eab00000,0x0000000717680000)
  from space 29696K, 49% used [0x000000071af80000,0x000000071bdd9050,0x000000071cc80000)
  to   space 44032K, 0% used [0x0000000717680000,0x0000000717680000,0x000000071a180000)
 ParOldGen       total 178176K, used 116798K [0x0000000540000000, 0x000000054ae00000, 0x00000006eab00000)
  object space 178176K, 65% used [0x0000000540000000,0x000000054720fbe8,0x000000054ae00000)
 Metaspace       used 34715K, capacity 35072K, committed 35496K, reserved 1079296K
  class space    used 4533K, capacity 4669K, committed 4776K, reserved 1048576K
}
Event: 24.211 GC heap before
{Heap before GC invocations=14 (full 2):
 PSYoungGen      total 762368K, used 14692K [0x00000006eab00000, 0x000000071cc80000, 0x00000007c0000000)
  eden space 732672K, 0% used [0x00000006eab00000,0x00000006eab00000,0x0000000717680000)
  from space 29696K, 49% used [0x000000071af80000,0x000000071bdd9050,0x000000071cc80000)
  to   space 44032K, 0% used [0x0000000717680000,0x0000000717680000,0x000000071a180000)
 ParOldGen       total 178176K, used 116798K [0x0000000540000000, 0x000000054ae00000, 0x00000006eab00000)
  object space 178176K, 65% used [0x0000000540000000,0x000000054720fbe8,0x000000054ae00000)
 Metaspace       used 34715K, capacity 35072K, committed 35496K, reserved 1079296K
  class space    used 4533K, capacity 4669K, committed 4776K, reserved 1048576K
Event: 24.631 GC heap after
Heap after GC invocations=14 (full 2):
 PSYoungGen      total 762368K, used 0K [0x00000006eab00000, 0x000000071cc80000, 0x00000007c0000000)
  eden space 732672K, 0% used [0x00000006eab00000,0x00000006eab00000,0x0000000717680000)
  from space 29696K, 0% used [0x000000071af80000,0x000000071af80000,0x000000071cc80000)
  to   space 44032K, 0% used [0x0000000717680000,0x0000000717680000,0x000000071a180000)
 ParOldGen       total 283136K, used 118935K [0x0000000540000000, 0x0000000551480000, 0x00000006eab00000)
  object space 283136K, 42% used [0x0000000540000000,0x0000000547425da0,0x0000000551480000)
 Metaspace       used 34715K, capacity 35072K, committed 35496K, reserved 1079296K
  class space    used 4533K, capacity 4669K, committed 4776K, reserved 1048576K
}

